{"name":"Job Memo API","hostname":"Catherine-PC","pid":13324,"level":30,"msg":"App listening on port http://localhost:3000","time":"2023-01-19T09:30:41.325Z","v":0}
{"name":"Job Memo API","hostname":"Catherine-PC","pid":18896,"level":30,"msg":"App listening on port http://localhost:3000","time":"2023-01-19T09:30:48.486Z","v":0}
{"name":"Job Memo API","hostname":"Catherine-PC","pid":9084,"level":30,"msg":"App listening on port http://localhost:3000","time":"2023-01-19T09:31:52.599Z","v":0}
{"name":"Job Memo API","hostname":"Catherine-PC","pid":10512,"level":30,"msg":"App listening on port http://localhost:3000","time":"2023-01-19T09:34:33.335Z","v":0}
{"name":"Job Memo API","hostname":"Catherine-PC","pid":2864,"level":30,"msg":"App listening on port http://localhost:3000","time":"2023-01-19T09:34:42.939Z","v":0}
{"name":"Job Memo API","hostname":"Catherine-PC","pid":11224,"level":30,"msg":"App listening on port http://localhost:3000","time":"2023-01-19T09:35:11.243Z","v":0}
{"name":"Job Memo API","hostname":"Catherine-PC","pid":20352,"level":30,"msg":"App listening on port http://localhost:3000","time":"2023-01-19T09:35:46.382Z","v":0}
{"name":"Job Memo API","hostname":"Catherine-PC","pid":11000,"level":30,"msg":"App listening on port http://localhost:3000","time":"2023-01-19T09:36:07.978Z","v":0}
{"name":"Job Memo API","hostname":"Catherine-PC","pid":12424,"level":30,"msg":"App listening on port http://localhost:3000","time":"2023-01-19T09:37:09.054Z","v":0}
{"name":"Job Memo API","hostname":"Catherine-PC","pid":17372,"level":30,"msg":"App listening on port http://localhost:3000","time":"2023-01-19T09:37:29.147Z","v":0}
{"name":"Job Memo API","hostname":"Catherine-PC","pid":2092,"level":30,"msg":"App listening on port http://localhost:3000","time":"2023-01-19T09:37:56.502Z","v":0}
{"name":"Job Memo API","hostname":"Catherine-PC","pid":18908,"level":30,"msg":"App listening on port http://localhost:3000","time":"2023-01-19T09:38:37.802Z","v":0}
{"name":"Job Memo API","hostname":"Catherine-PC","pid":13284,"level":30,"msg":"App listening on port http://localhost:3000","time":"2023-01-19T09:38:55.894Z","v":0}
{"name":"Job Memo API","hostname":"Catherine-PC","pid":20768,"level":30,"msg":"App listening on port http://localhost:3000","time":"2023-01-19T09:39:09.701Z","v":0}
{"name":"Job Memo API","hostname":"Catherine-PC","pid":18640,"level":30,"msg":"App listening on port http://localhost:3000","time":"2023-01-19T09:39:15.794Z","v":0}
{"name":"Job Memo API","hostname":"Catherine-PC","pid":6364,"level":30,"msg":"App listening on port http://localhost:3000","time":"2023-01-19T09:39:18.649Z","v":0}
{"name":"Job Memo API","hostname":"Catherine-PC","pid":2764,"level":30,"msg":"App listening on port http://localhost:3000","time":"2023-01-19T09:39:25.767Z","v":0}
{"name":"Job Memo API","hostname":"Catherine-PC","pid":20812,"level":30,"msg":"App listening on port http://localhost:3000","time":"2023-01-19T09:40:28.884Z","v":0}
{"name":"Job Memo API","hostname":"Catherine-PC","pid":1388,"level":30,"msg":"App listening on port http://localhost:3000","time":"2023-01-19T09:40:41.890Z","v":0}
{"name":"Job Memo API","hostname":"Catherine-PC","pid":14292,"level":30,"msg":"App listening on port http://localhost:3000","time":"2023-01-19T09:40:50.708Z","v":0}
{"name":"Job Memo API","hostname":"Catherine-PC","pid":11296,"level":30,"msg":"App listening on port http://localhost:3000","time":"2023-01-19T09:45:47.559Z","v":0}
{"name":"Job Memo API","hostname":"Catherine-PC","pid":15852,"level":30,"msg":"App listening on port http://localhost:3000","time":"2023-01-19T09:47:29.358Z","v":0}
{"name":"Job Memo API","hostname":"Catherine-PC","pid":8352,"level":30,"msg":"App listening on port http://localhost:3000","time":"2023-01-19T09:49:31.331Z","v":0}
{"name":"Job Memo API","hostname":"Catherine-PC","pid":1468,"level":30,"msg":"App listening on port http://localhost:3000","time":"2023-01-19T09:49:35.421Z","v":0}
{"name":"Job Memo API","hostname":"Catherine-PC","pid":17652,"level":30,"msg":"App listening on port http://localhost:3000","time":"2023-01-19T09:49:40.970Z","v":0}
{"name":"Job Memo API","hostname":"Catherine-PC","pid":12268,"level":30,"msg":"App listening on port http://localhost:3000","time":"2023-01-19T09:49:48.276Z","v":0}
{"name":"Job Memo API","hostname":"Catherine-PC","pid":404,"level":30,"msg":"App listening on port http://localhost:3000","time":"2023-01-19T09:51:41.753Z","v":0}
{"name":"Job Memo API","hostname":"Catherine-PC","pid":17504,"level":30,"msg":"App listening on port http://localhost:3000","time":"2023-01-19T09:51:49.146Z","v":0}
{"name":"Job Memo API","hostname":"Catherine-PC","pid":18352,"level":30,"msg":"App listening on port http://localhost:3000","time":"2023-01-19T09:52:06.528Z","v":0}
{"name":"Job Memo API","hostname":"Catherine-PC","pid":12968,"level":30,"msg":"App listening on port http://localhost:3000","time":"2023-01-19T09:57:02.247Z","v":0}
{"name":"Job Memo API","hostname":"Catherine-PC","pid":14640,"level":30,"msg":"App listening on port http://localhost:3000","time":"2023-01-19T09:57:11.426Z","v":0}
{"name":"Job Memo API","hostname":"Catherine-PC","pid":3096,"level":30,"msg":"App listening on port http://localhost:3000","time":"2023-01-19T09:57:16.920Z","v":0}
{"name":"Job Memo API","hostname":"Catherine-PC","pid":15696,"level":30,"msg":"App listening on port http://localhost:3000","time":"2023-01-19T09:57:40.246Z","v":0}
{"name":"Job Memo API","hostname":"Catherine-PC","pid":18936,"level":30,"msg":"App listening on port http://localhost:3000","time":"2023-01-19T09:57:51.141Z","v":0}
{"name":"Job Memo API","hostname":"Catherine-PC","pid":13344,"level":30,"msg":"App listening on port http://localhost:3000","time":"2023-01-19T09:58:38.544Z","v":0}
{"name":"Job Memo API","hostname":"Catherine-PC","pid":19336,"level":30,"msg":"App listening on port http://localhost:3000","time":"2023-01-19T10:00:31.954Z","v":0}
{"name":"Job Memo API","hostname":"Catherine-PC","pid":17148,"level":30,"msg":"App listening on port http://localhost:3000","time":"2023-01-19T10:01:26.203Z","v":0}
{"name":"Job Memo API","hostname":"Catherine-PC","pid":20988,"level":30,"msg":"App listening on port http://localhost:3000","time":"2023-01-19T10:03:13.758Z","v":0}
{"name":"Job Memo API","hostname":"Catherine-PC","pid":12472,"level":30,"msg":"App listening on port http://localhost:3000","time":"2023-01-19T10:03:33.275Z","v":0}
{"name":"Job Memo API","hostname":"Catherine-PC","pid":5920,"level":30,"msg":"App listening on port http://localhost:3000","time":"2023-01-19T10:10:37.398Z","v":0}
{"name":"Job Memo API","hostname":"Catherine-PC","pid":8612,"level":30,"msg":"App listening on port http://localhost:3000","time":"2023-01-19T10:11:42.297Z","v":0}
{"name":"Job Memo API","hostname":"Catherine-PC","pid":6472,"level":30,"msg":"App listening on port http://localhost:3000","time":"2023-01-19T10:14:51.541Z","v":0}
{"name":"Job Memo API","hostname":"Catherine-PC","pid":21004,"level":30,"msg":"App listening on port http://localhost:3000","time":"2023-01-19T10:16:07.447Z","v":0}
{"name":"Job Memo API","hostname":"Catherine-PC","pid":17516,"level":30,"msg":"App listening on port http://localhost:3000","time":"2023-01-19T10:17:05.401Z","v":0}
{"name":"Job Memo API","hostname":"Catherine-PC","pid":18380,"level":30,"msg":"App listening on port http://localhost:3000","time":"2023-01-19T10:17:40.837Z","v":0}
{"name":"Job Memo API","hostname":"Catherine-PC","pid":8280,"level":30,"msg":"App listening on port http://localhost:3000","time":"2023-01-19T10:17:53.190Z","v":0}
{"name":"Job Memo API","hostname":"Catherine-PC","pid":20904,"level":30,"msg":"App listening on port http://localhost:3000","time":"2023-01-19T10:18:41.797Z","v":0}
{"name":"Job Memo API","hostname":"Catherine-PC","pid":20812,"level":30,"msg":"App listening on port http://localhost:3000","time":"2023-01-19T10:18:47.454Z","v":0}
{"name":"Job Memo API","hostname":"Catherine-PC","pid":12976,"level":30,"msg":"App listening on port http://localhost:3000","time":"2023-01-19T10:19:05.264Z","v":0}
{"name":"Job Memo API","hostname":"Catherine-PC","pid":17772,"level":30,"msg":"App listening on port http://localhost:3000","time":"2023-01-19T10:19:16.587Z","v":0}
{"name":"Job Memo API","hostname":"Catherine-PC","pid":9380,"level":30,"msg":"App listening on port http://localhost:3000","time":"2023-01-19T10:19:29.378Z","v":0}
{"name":"Job Memo API","hostname":"Catherine-PC","pid":18904,"level":30,"msg":"App listening on port http://localhost:3000","time":"2023-01-19T10:19:39.391Z","v":0}
{"name":"Job Memo API","hostname":"Catherine-PC","pid":17824,"level":30,"msg":"App listening on port http://localhost:3000","time":"2023-01-19T10:19:43.246Z","v":0}
{"name":"Job Memo API","hostname":"Catherine-PC","pid":13696,"level":30,"msg":"App listening on port http://localhost:3000","time":"2023-01-19T10:19:47.588Z","v":0}
{"name":"Job Memo API","hostname":"Catherine-PC","pid":19224,"level":30,"msg":"App listening on port http://localhost:3000","time":"2023-01-19T10:19:49.470Z","v":0}
{"name":"Job Memo API","hostname":"Catherine-PC","pid":19552,"level":30,"msg":"App listening on port http://localhost:3000","time":"2023-01-19T10:19:50.590Z","v":0}
{"name":"Job Memo API","hostname":"Catherine-PC","pid":20268,"level":30,"msg":"App listening on port http://localhost:3000","time":"2023-01-19T10:19:59.547Z","v":0}
{"name":"Job Memo API","hostname":"Catherine-PC","pid":3956,"level":30,"msg":"App listening on port http://localhost:3000","time":"2023-01-19T10:20:02.631Z","v":0}
{"name":"Job Memo API","hostname":"Catherine-PC","pid":14484,"level":30,"msg":"App listening on port http://localhost:3000","time":"2023-01-19T10:20:06.666Z","v":0}
{"name":"Job Memo API","hostname":"Catherine-PC","pid":11024,"level":30,"msg":"App listening on port http://localhost:3000","time":"2023-01-19T10:20:09.483Z","v":0}
{"name":"Job Memo API","hostname":"Catherine-PC","pid":6412,"level":30,"msg":"App listening on port http://localhost:3000","time":"2023-01-19T10:22:34.807Z","v":0}
{"name":"Job Memo API","hostname":"Catherine-PC","pid":10112,"level":30,"msg":"App listening on port http://localhost:3000","time":"2023-01-19T10:24:10.499Z","v":0}
{"name":"Job Memo API","hostname":"Catherine-PC","pid":18196,"level":30,"msg":"App listening on port http://localhost:3000","time":"2023-01-19T10:24:30.745Z","v":0}
{"name":"Job Memo API","hostname":"Catherine-PC","pid":15312,"level":30,"msg":"App listening on port http://localhost:3000","time":"2023-01-19T10:24:47.476Z","v":0}
{"name":"Job Memo API","hostname":"Catherine-PC","pid":1152,"level":30,"msg":"App listening on port http://localhost:3000","time":"2023-01-19T10:25:08.617Z","v":0}
{"name":"Job Memo API","hostname":"Catherine-PC","pid":7760,"level":30,"msg":"App listening on port http://localhost:3000","time":"2023-01-19T10:25:11.251Z","v":0}
{"name":"Job Memo API","hostname":"Catherine-PC","pid":7668,"level":30,"msg":"App listening on port http://localhost:3000","time":"2023-01-19T10:26:13.204Z","v":0}
{"name":"Job Memo API","hostname":"Catherine-PC","pid":13308,"level":30,"msg":"App listening on port http://localhost:3000","time":"2023-01-19T10:27:53.907Z","v":0}
{"name":"Job Memo API","hostname":"Catherine-PC","pid":12072,"level":30,"msg":"App listening on port http://localhost:3000","time":"2023-01-19T10:28:14.199Z","v":0}
{"name":"Job Memo API","hostname":"Catherine-PC","pid":1876,"level":30,"msg":"App listening on port http://localhost:3000","time":"2023-01-19T10:28:43.290Z","v":0}
{"name":"Job Memo API","hostname":"Catherine-PC","pid":11360,"level":30,"msg":"App listening on port http://localhost:3000","time":"2023-01-19T10:29:03.005Z","v":0}
{"name":"Job Memo API","hostname":"Catherine-PC","pid":2636,"level":30,"msg":"App listening on port http://localhost:3000","time":"2023-01-19T10:29:20.426Z","v":0}
{"name":"Job Memo API","hostname":"Catherine-PC","pid":16004,"level":30,"msg":"App listening on port http://localhost:3000","time":"2023-01-19T10:29:26.373Z","v":0}
{"name":"Job Memo API","hostname":"Catherine-PC","pid":10300,"level":30,"msg":"App listening on port http://localhost:3000","time":"2023-01-19T10:29:30.805Z","v":0}
{"name":"Job Memo API","hostname":"Catherine-PC","pid":18392,"level":30,"msg":"App listening on port http://localhost:3000","time":"2023-01-19T10:32:17.037Z","v":0}
{"name":"Job Memo API","hostname":"Catherine-PC","pid":14032,"level":30,"msg":"App listening on port http://localhost:3000","time":"2023-01-19T11:02:43.737Z","v":0}
{"name":"Job Memo API","hostname":"Catherine-PC","pid":11156,"level":30,"msg":"App listening on port http://localhost:3000","time":"2023-01-19T11:02:53.821Z","v":0}
{"name":"Job Memo API","hostname":"Catherine-PC","pid":15620,"level":30,"msg":"App listening on port http://localhost:3000","time":"2023-01-19T13:56:10.186Z","v":0}
{"name":"Job Memo API","hostname":"Catherine-PC","pid":17728,"level":30,"msg":"App listening on port http://localhost:3000","time":"2023-01-19T13:56:48.758Z","v":0}
{"name":"Job Memo API","hostname":"Catherine-PC","pid":6944,"level":30,"msg":"App listening on port http://localhost:3000","time":"2023-01-19T14:06:56.679Z","v":0}
{"name":"Job Memo API","hostname":"Catherine-PC","pid":7484,"level":30,"msg":"App listening on port http://localhost:3000","time":"2023-01-19T14:09:52.933Z","v":0}
{"name":"Job Memo API","hostname":"Catherine-PC","pid":15492,"level":30,"msg":"App listening on port http://localhost:3000","time":"2023-01-19T14:10:02.861Z","v":0}
{"name":"Job Memo API","hostname":"Catherine-PC","pid":17160,"level":30,"msg":"App listening on port http://localhost:3000","time":"2023-01-19T14:12:37.999Z","v":0}
{"name":"Job Memo API","hostname":"Catherine-PC","pid":5244,"level":30,"msg":"App listening on port http://localhost:3000","time":"2023-01-19T14:12:43.155Z","v":0}
{"name":"Job Memo API","hostname":"Catherine-PC","pid":10884,"level":30,"msg":"App listening on port http://localhost:3000","time":"2023-01-19T14:13:35.718Z","v":0}
{"name":"Job Memo API","hostname":"Catherine-PC","pid":11108,"level":30,"msg":"App listening on port http://localhost:3000","time":"2023-01-19T14:14:27.503Z","v":0}
{"name":"Job Memo API","hostname":"Catherine-PC","pid":6472,"level":30,"msg":"App listening on port http://localhost:3000","time":"2023-01-19T14:15:30.557Z","v":0}
{"name":"Job Memo API","hostname":"Catherine-PC","pid":12828,"level":30,"msg":"App listening on port http://localhost:3000","time":"2023-01-19T14:17:55.225Z","v":0}
{"name":"Job Memo API","hostname":"Catherine-PC","pid":15712,"level":30,"msg":"App listening on port http://localhost:3000","time":"2023-01-19T14:20:15.833Z","v":0}
{"name":"Job Memo API","hostname":"Catherine-PC","pid":4564,"level":30,"msg":"App listening on port http://localhost:3000","time":"2023-01-19T14:21:31.978Z","v":0}
{"name":"Job Memo API","hostname":"Catherine-PC","pid":4564,"level":50,"msg":"Ressource not found","time":"2023-01-19T14:22:36.592Z","v":0}
{"name":"Job Memo API","hostname":"Catherine-PC","pid":15712,"level":30,"msg":"App listening on port http://localhost:3000","time":"2023-01-19T14:25:00.007Z","v":0}
{"name":"Job Memo API","hostname":"Catherine-PC","pid":15712,"level":50,"msg":"Ressource not found","time":"2023-01-19T14:25:21.788Z","v":0}
{"name":"Job Memo API","hostname":"Catherine-PC","pid":15712,"level":50,"msg":"Ressource not found","time":"2023-01-19T14:25:23.009Z","v":0}
{"name":"Job Memo API","hostname":"Catherine-PC","pid":15712,"level":50,"msg":"Ressource not found","time":"2023-01-19T14:25:25.572Z","v":0}
{"name":"Job Memo API","hostname":"Catherine-PC","pid":11348,"level":30,"msg":"App listening on port http://localhost:3000","time":"2023-01-19T14:25:42.545Z","v":0}
{"name":"Job Memo API","hostname":"Catherine-PC","pid":11348,"level":50,"msg":"Ressource not found","time":"2023-01-19T14:25:45.160Z","v":0}
{"name":"Job Memo API","hostname":"Catherine-PC","pid":7832,"level":30,"msg":"App listening on port http://localhost:3000","time":"2023-01-19T14:26:14.447Z","v":0}
{"name":"Job Memo API","hostname":"Catherine-PC","pid":19984,"level":30,"msg":"App listening on port http://localhost:3000","time":"2023-01-19T14:26:34.635Z","v":0}
{"name":"Job Memo API","hostname":"Catherine-PC","pid":19984,"level":50,"msg":"Ressource not found","time":"2023-01-19T14:26:35.316Z","v":0}
{"name":"Job Memo API","hostname":"Catherine-PC","pid":14684,"level":30,"msg":"App listening on port http://localhost:3000","time":"2023-01-19T14:26:52.113Z","v":0}
{"name":"Job Memo API","hostname":"Catherine-PC","pid":6416,"level":30,"msg":"App listening on port http://localhost:3000","time":"2023-01-19T14:27:21.855Z","v":0}
{"name":"Job Memo API","hostname":"Catherine-PC","pid":16340,"level":30,"msg":"ok","time":"2023-01-19T14:28:03.748Z","v":0}
{"name":"Job Memo API","hostname":"Catherine-PC","pid":16340,"level":30,"msg":"App listening on port http://localhost:3000","time":"2023-01-19T14:28:03.762Z","v":0}
{"name":"Job Memo API","hostname":"Catherine-PC","pid":21160,"level":30,"msg":"ok","time":"2023-01-19T14:28:30.696Z","v":0}
{"name":"Job Memo API","hostname":"Catherine-PC","pid":21160,"level":30,"msg":"App listening on port http://localhost:3000","time":"2023-01-19T14:28:30.710Z","v":0}
{"name":"Job Memo API","hostname":"Catherine-PC","pid":9196,"level":30,"msg":"ok","time":"2023-01-19T14:28:41.834Z","v":0}
{"name":"Job Memo API","hostname":"Catherine-PC","pid":9196,"level":30,"msg":"App listening on port http://localhost:3000","time":"2023-01-19T14:28:41.846Z","v":0}
{"name":"Job Memo API","hostname":"Catherine-PC","pid":13996,"level":30,"msg":"App listening on port http://localhost:3000","time":"2023-01-19T14:28:48.003Z","v":0}
{"name":"Job Memo API","hostname":"Catherine-PC","pid":19096,"level":30,"msg":"App listening on port http://localhost:3000","time":"2023-01-19T14:28:51.825Z","v":0}
{"name":"Job Memo API","hostname":"Catherine-PC","pid":4676,"level":30,"msg":"App listening on port http://localhost:3000","time":"2023-01-19T14:29:11.110Z","v":0}
{"name":"Job Memo API","hostname":"Catherine-PC","pid":6916,"level":30,"msg":"App listening on port http://localhost:3000","time":"2023-01-19T14:30:59.285Z","v":0}
{"name":"Job Memo API","hostname":"Catherine-PC","pid":6916,"level":50,"msg":"\"title\" is required","time":"2023-01-19T14:31:06.560Z","v":0}
{"name":"Job Memo API","hostname":"Catherine-PC","pid":16212,"level":30,"msg":"App listening on port http://localhost:3000","time":"2023-01-19T14:31:31.546Z","v":0}
{"name":"Job Memo API","hostname":"Catherine-PC","pid":7464,"level":30,"msg":"App listening on port http://localhost:3000","time":"2023-01-19T14:32:45.637Z","v":0}
{"name":"Job Memo API","hostname":"Catherine-PC","pid":14600,"level":30,"msg":"App listening on port http://localhost:3000","time":"2023-01-19T14:35:10.291Z","v":0}
{"name":"Job Memo API","hostname":"Catherine-PC","pid":15276,"level":30,"msg":"App listening on port http://localhost:3000","time":"2023-01-19T14:35:45.415Z","v":0}
{"name":"Job Memo API","hostname":"Catherine-PC","pid":20780,"level":30,"msg":"App listening on port http://localhost:3000","time":"2023-01-19T14:41:04.444Z","v":0}
{"name":"Job Memo API","hostname":"Catherine-PC","pid":7572,"level":30,"msg":"App listening on port http://localhost:3000","time":"2023-01-19T14:41:51.511Z","v":0}
{"name":"Job Memo API","hostname":"Catherine-PC","pid":18116,"level":30,"msg":"App listening on port http://localhost:3000","time":"2023-01-19T14:41:57.043Z","v":0}
{"name":"Job Memo API","hostname":"Catherine-PC","pid":20388,"level":30,"msg":"App listening on port http://localhost:3000","time":"2023-01-19T14:42:14.081Z","v":0}
{"name":"Job Memo API","hostname":"Catherine-PC","pid":19476,"level":30,"msg":"App listening on port http://localhost:3000","time":"2023-01-19T14:42:41.047Z","v":0}
{"name":"Job Memo API","hostname":"Catherine-PC","pid":14072,"level":30,"msg":"App listening on port http://localhost:3000","time":"2023-01-19T14:42:53.074Z","v":0}
{"name":"Job Memo API","hostname":"Catherine-PC","pid":15352,"level":30,"msg":"App listening on port http://localhost:3000","time":"2023-01-19T14:50:09.257Z","v":0}
{"name":"Job Memo API","hostname":"Catherine-PC","pid":152,"level":30,"msg":"App listening on port http://localhost:3000","time":"2023-01-19T14:51:58.833Z","v":0}
{"name":"Job Memo API","hostname":"Catherine-PC","pid":9148,"level":30,"msg":"App listening on port http://localhost:3000","time":"2023-01-19T14:53:34.976Z","v":0}
{"name":"Job Memo API","hostname":"Catherine-PC","pid":9688,"level":30,"msg":"App listening on port http://localhost:3000","time":"2023-01-19T15:23:36.083Z","v":0}
{"name":"Job Memo API","hostname":"Catherine-PC","pid":18976,"level":30,"msg":"App listening on port http://localhost:3000","time":"2023-01-19T15:26:03.579Z","v":0}
{"name":"Job Memo API","hostname":"Catherine-PC","pid":7456,"level":30,"msg":"App listening on port http://localhost:3000","time":"2023-01-19T15:26:44.024Z","v":0}
{"name":"Job Memo API","hostname":"Catherine-PC","pid":12836,"level":30,"msg":"App listening on port http://localhost:3000","time":"2023-01-19T15:30:24.635Z","v":0}
{"name":"Job Memo API","hostname":"Catherine-PC","pid":12836,"level":50,"msg":"\"value\" must be an array","time":"2023-01-19T15:30:48.659Z","v":0}
{"name":"Job Memo API","hostname":"Catherine-PC","pid":12836,"level":50,"msg":"\"value\" must be an array","time":"2023-01-19T15:51:26.649Z","v":0}
{"name":"Job Memo API","hostname":"Catherine-PC","pid":12836,"level":50,"msg":"\"value\" must be an array","time":"2023-01-19T15:51:47.103Z","v":0}
{"name":"Job Memo API","hostname":"Catherine-PC","pid":9028,"level":30,"msg":"App listening on port http://localhost:3000","time":"2023-01-19T15:52:02.574Z","v":0}
{"name":"Job Memo API","hostname":"Catherine-PC","pid":9028,"level":50,"msg":"\"value\" must be an array","time":"2023-01-19T15:52:05.475Z","v":0}
{"name":"Job Memo API","hostname":"Catherine-PC","pid":9028,"level":50,"msg":"\"value\" must be an array","time":"2023-01-19T15:52:36.594Z","v":0}
{"name":"Job Memo API","hostname":"Catherine-PC","pid":9028,"level":50,"msg":"Ressource not found","time":"2023-01-19T15:53:03.028Z","v":0}
{"name":"Job Memo API","hostname":"Catherine-PC","pid":9028,"level":50,"msg":"Ressource not found","time":"2023-01-19T15:53:23.028Z","v":0}
{"name":"Job Memo API","hostname":"Catherine-PC","pid":14560,"level":30,"msg":"App listening on port http://localhost:3000","time":"2023-01-19T15:53:46.899Z","v":0}
{"name":"Job Memo API","hostname":"Catherine-PC","pid":8536,"level":30,"msg":"App listening on port http://localhost:3000","time":"2023-01-19T15:54:00.994Z","v":0}
{"name":"Job Memo API","hostname":"Catherine-PC","pid":16848,"level":30,"msg":"App listening on port http://localhost:3000","time":"2023-01-19T15:54:55.937Z","v":0}
{"name":"Job Memo API","hostname":"Catherine-PC","pid":16848,"level":50,"msg":"Ressource not found","time":"2023-01-19T15:55:00.693Z","v":0}
{"name":"Job Memo API","hostname":"Catherine-PC","pid":9488,"level":30,"msg":"App listening on port http://localhost:3000","time":"2023-01-19T15:55:40.327Z","v":0}
{"name":"Job Memo API","hostname":"Catherine-PC","pid":9488,"level":50,"msg":"la valeur d'une clé dupliquée rompt la contrainte unique « card_compagny_name_key »","time":"2023-01-19T15:55:47.750Z","v":0}
{"name":"Job Memo API","hostname":"Catherine-PC","pid":17248,"level":30,"msg":"App listening on port http://localhost:3000","time":"2023-01-19T15:56:04.560Z","v":0}
{"name":"Job Memo API","hostname":"Catherine-PC","pid":1440,"level":30,"msg":"App listening on port http://localhost:3000","time":"2023-01-19T15:56:08.879Z","v":0}
{"name":"Job Memo API","hostname":"Catherine-PC","pid":1440,"level":50,"msg":"Ressource not found","time":"2023-01-19T15:56:13.229Z","v":0}
{"name":"Job Memo API","hostname":"Catherine-PC","pid":1440,"level":50,"msg":"Ressource not found","time":"2023-01-19T15:56:28.767Z","v":0}
{"name":"Job Memo API","hostname":"Catherine-PC","pid":11416,"level":30,"msg":"App listening on port http://localhost:3000","time":"2023-01-19T15:57:02.536Z","v":0}
{"name":"Job Memo API","hostname":"Catherine-PC","pid":11416,"level":50,"msg":"la valeur d'une clé dupliquée rompt la contrainte unique « card_compagny_name_key »","time":"2023-01-19T15:57:06.712Z","v":0}
{"name":"Job Memo API","hostname":"Catherine-PC","pid":7360,"level":30,"msg":"App listening on port http://localhost:3000","time":"2023-01-19T15:57:25.904Z","v":0}
{"name":"Job Memo API","hostname":"Catherine-PC","pid":7360,"level":50,"msg":"\"value\" must be an array","time":"2023-01-19T15:57:33.081Z","v":0}
{"name":"Job Memo API","hostname":"Catherine-PC","pid":7444,"level":30,"msg":"App listening on port http://localhost:3000","time":"2023-01-19T15:58:45.325Z","v":0}
{"name":"Job Memo API","hostname":"Catherine-PC","pid":7444,"level":50,"msg":"la valeur d'une clé dupliquée rompt la contrainte unique « card_compagny_name_key »","time":"2023-01-19T15:58:50.751Z","v":0}
{"name":"Job Memo API","hostname":"Catherine-PC","pid":6644,"level":30,"msg":"App listening on port http://localhost:3000","time":"2023-01-19T15:59:21.810Z","v":0}
{"name":"Job Memo API","hostname":"Catherine-PC","pid":6644,"level":50,"msg":"la valeur d'une clé dupliquée rompt la contrainte unique « card_compagny_name_key »","time":"2023-01-19T15:59:25.409Z","v":0}
{"name":"Job Memo API","hostname":"Catherine-PC","pid":1772,"level":30,"msg":"App listening on port http://localhost:3000","time":"2023-01-19T16:00:07.754Z","v":0}
{"name":"Job Memo API","hostname":"Catherine-PC","pid":1772,"level":50,"msg":"la valeur d'une clé dupliquée rompt la contrainte unique « card_compagny_name_key »","time":"2023-01-19T16:00:12.711Z","v":0}
{"name":"Job Memo API","hostname":"Catherine-PC","pid":3220,"level":30,"msg":"App listening on port http://localhost:3000","time":"2023-01-19T16:00:24.682Z","v":0}
{"name":"Job Memo API","hostname":"Catherine-PC","pid":15264,"level":30,"msg":"App listening on port http://localhost:3000","time":"2023-01-19T16:02:14.086Z","v":0}
{"name":"Job Memo API","hostname":"Catherine-PC","pid":17216,"level":30,"msg":"App listening on port http://localhost:3000","time":"2023-01-19T16:03:09.104Z","v":0}
{"name":"Job Memo API","hostname":"Catherine-PC","pid":17216,"level":50,"msg":"la valeur d'une clé dupliquée rompt la contrainte unique « card_compagny_name_key »","time":"2023-01-19T16:03:28.692Z","v":0}
{"name":"Job Memo API","hostname":"Catherine-PC","pid":19024,"level":30,"msg":"App listening on port http://localhost:3000","time":"2023-01-19T16:03:33.500Z","v":0}
{"name":"Job Memo API","hostname":"Catherine-PC","pid":19024,"level":50,"msg":"la valeur d'une clé dupliquée rompt la contrainte unique « card_compagny_name_key »","time":"2023-01-19T16:03:43.509Z","v":0}
{"name":"Job Memo API","hostname":"Catherine-PC","pid":19024,"level":50,"msg":"la valeur d'une clé dupliquée rompt la contrainte unique « card_compagny_name_key »","time":"2023-01-19T16:04:42.583Z","v":0}
{"name":"Job Memo API","hostname":"Catherine-PC","pid":19024,"level":50,"msg":"la valeur d'une clé dupliquée rompt la contrainte unique « card_compagny_name_key »","time":"2023-01-19T16:04:57.317Z","v":0}
{"name":"Job Memo API","hostname":"Catherine-PC","pid":9808,"level":30,"msg":"App listening on port http://localhost:3000","time":"2023-01-19T16:05:34.127Z","v":0}
{"name":"Job Memo API","hostname":"Catherine-PC","pid":17196,"level":30,"msg":"App listening on port http://localhost:3000","time":"2023-01-19T16:06:52.617Z","v":0}
{"name":"Job Memo API","hostname":"Catherine-PC","pid":17196,"level":50,"msg":"la valeur d'une clé dupliquée rompt la contrainte unique « card_compagny_name_key »","time":"2023-01-19T16:06:57.483Z","v":0}
{"name":"Job Memo API","hostname":"Catherine-PC","pid":17196,"level":50,"msg":"la valeur d'une clé dupliquée rompt la contrainte unique « card_compagny_name_key »","time":"2023-01-19T16:07:12.586Z","v":0}
{"name":"Job Memo API","hostname":"Catherine-PC","pid":4744,"level":30,"msg":"App listening on port http://localhost:3000","time":"2023-01-19T16:09:21.789Z","v":0}
{"name":"Job Memo API","hostname":"Catherine-PC","pid":4744,"level":50,"msg":"la valeur d'une clé dupliquée rompt la contrainte unique « card_compagny_name_key »","time":"2023-01-19T16:09:57.226Z","v":0}
{"name":"Job Memo API","hostname":"Catherine-PC","pid":4744,"level":50,"msg":"la valeur d'une clé dupliquée rompt la contrainte unique « card_compagny_name_key »","time":"2023-01-19T16:09:58.388Z","v":0}
{"name":"Job Memo API","hostname":"Catherine-PC","pid":4744,"level":50,"msg":"la valeur d'une clé dupliquée rompt la contrainte unique « card_compagny_name_key »","time":"2023-01-19T16:09:59.268Z","v":0}
{"name":"Job Memo API","hostname":"Catherine-PC","pid":4744,"level":50,"msg":"la valeur d'une clé dupliquée rompt la contrainte unique « card_compagny_name_key »","time":"2023-01-19T16:09:59.955Z","v":0}
{"name":"Job Memo API","hostname":"Catherine-PC","pid":4744,"level":50,"msg":"la valeur d'une clé dupliquée rompt la contrainte unique « card_compagny_name_key »","time":"2023-01-19T16:10:04.203Z","v":0}
{"name":"Job Memo API","hostname":"Catherine-PC","pid":4744,"level":50,"msg":"la valeur d'une clé dupliquée rompt la contrainte unique « card_compagny_name_key »","time":"2023-01-19T16:11:25.286Z","v":0}
{"name":"Job Memo API","hostname":"Catherine-PC","pid":4744,"level":50,"msg":"la valeur d'une clé dupliquée rompt la contrainte unique « card_compagny_name_key »","time":"2023-01-19T16:11:31.387Z","v":0}
{"name":"Job Memo API","hostname":"Catherine-PC","pid":4744,"level":50,"msg":"la valeur d'une clé dupliquée rompt la contrainte unique « card_compagny_name_key »","time":"2023-01-19T16:11:31.994Z","v":0}
{"name":"Job Memo API","hostname":"Catherine-PC","pid":4744,"level":50,"msg":"la valeur d'une clé dupliquée rompt la contrainte unique « card_compagny_name_key »","time":"2023-01-19T16:11:32.578Z","v":0}
{"name":"Job Memo API","hostname":"Catherine-PC","pid":4744,"level":50,"msg":"la valeur d'une clé dupliquée rompt la contrainte unique « card_compagny_name_key »","time":"2023-01-19T16:11:33.067Z","v":0}
{"name":"Job Memo API","hostname":"Catherine-PC","pid":4744,"level":50,"msg":"la valeur d'une clé dupliquée rompt la contrainte unique « card_compagny_name_key »","time":"2023-01-19T16:11:33.898Z","v":0}
{"name":"Job Memo API","hostname":"Catherine-PC","pid":4744,"level":50,"msg":"Ressource not found","time":"2023-01-19T16:12:36.394Z","v":0}
{"name":"Job Memo API","hostname":"Catherine-PC","pid":4744,"level":50,"msg":"la valeur d'une clé dupliquée rompt la contrainte unique « card_compagny_name_key »","time":"2023-01-19T16:12:46.114Z","v":0}
{"name":"Job Memo API","hostname":"Catherine-PC","pid":4744,"level":50,"msg":"la valeur d'une clé dupliquée rompt la contrainte unique « card_compagny_name_key »","time":"2023-01-19T16:12:57.675Z","v":0}
{"name":"Job Memo API","hostname":"Catherine-PC","pid":7676,"level":30,"msg":"App listening on port http://localhost:3000","time":"2023-01-19T16:14:56.378Z","v":0}
{"name":"Job Memo API","hostname":"Catherine-PC","pid":7676,"level":50,"msg":"la valeur d'une clé dupliquée rompt la contrainte unique « card_compagny_name_key »","time":"2023-01-19T16:15:00.498Z","v":0}
{"name":"Job Memo API","hostname":"Catherine-PC","pid":12500,"level":30,"msg":"App listening on port http://localhost:3000","time":"2023-01-19T16:16:14.527Z","v":0}
{"name":"Job Memo API","hostname":"Catherine-PC","pid":10884,"level":30,"msg":"App listening on port http://localhost:3000","time":"2023-01-19T16:16:22.554Z","v":0}
{"name":"Job Memo API","hostname":"Catherine-PC","pid":19172,"level":30,"msg":"App listening on port http://localhost:3000","time":"2023-01-19T16:16:46.461Z","v":0}
{"name":"Job Memo API","hostname":"Catherine-PC","pid":16024,"level":30,"msg":"App listening on port http://localhost:3000","time":"2023-01-19T16:17:04.668Z","v":0}
{"name":"Job Memo API","hostname":"Catherine-PC","pid":16024,"level":50,"msg":"la valeur d'une clé dupliquée rompt la contrainte unique « card_compagny_name_key »","time":"2023-01-19T16:17:15.376Z","v":0}
{"name":"Job Memo API","hostname":"Catherine-PC","pid":14300,"level":30,"msg":"App listening on port http://localhost:3000","time":"2023-01-19T16:17:32.013Z","v":0}
{"name":"Job Memo API","hostname":"Catherine-PC","pid":14036,"level":30,"msg":"App listening on port http://localhost:3000","time":"2023-01-19T16:17:41.198Z","v":0}
{"name":"Job Memo API","hostname":"Catherine-PC","pid":14036,"level":50,"msg":"la valeur d'une clé dupliquée rompt la contrainte unique « card_compagny_name_key »","time":"2023-01-19T16:17:44.122Z","v":0}
{"name":"Job Memo API","hostname":"Catherine-PC","pid":14076,"level":30,"msg":"App listening on port http://localhost:3000","time":"2023-01-19T16:18:15.424Z","v":0}
{"name":"Job Memo API","hostname":"Catherine-PC","pid":14076,"level":50,"msg":"\"title\" is not allowed","time":"2023-01-19T16:18:18.329Z","v":0}
{"name":"Job Memo API","hostname":"Catherine-PC","pid":14076,"level":50,"msg":"\"title\" is not allowed","time":"2023-01-19T16:18:25.990Z","v":0}
{"name":"Job Memo API","hostname":"Catherine-PC","pid":17436,"level":30,"msg":"App listening on port http://localhost:3000","time":"2023-01-19T16:18:52.543Z","v":0}
{"name":"Job Memo API","hostname":"Catherine-PC","pid":17436,"level":50,"msg":"\"compagny_name\" is not allowed","time":"2023-01-19T16:18:55.343Z","v":0}
{"name":"Job Memo API","hostname":"Catherine-PC","pid":11276,"level":30,"msg":"App listening on port http://localhost:3000","time":"2023-01-19T16:19:16.044Z","v":0}
{"name":"Job Memo API","hostname":"Catherine-PC","pid":11276,"level":50,"msg":"\"list_id\" is not allowed","time":"2023-01-19T16:19:17.787Z","v":0}
{"name":"Job Memo API","hostname":"Catherine-PC","pid":4744,"level":30,"msg":"App listening on port http://localhost:3000","time":"2023-01-19T16:19:37.224Z","v":0}
{"name":"Job Memo API","hostname":"Catherine-PC","pid":4744,"level":50,"msg":"\"status_id\" is not allowed","time":"2023-01-19T16:19:38.029Z","v":0}
{"name":"Job Memo API","hostname":"Catherine-PC","pid":14664,"level":30,"msg":"App listening on port http://localhost:3000","time":"2023-01-19T16:19:48.424Z","v":0}
{"name":"Job Memo API","hostname":"Catherine-PC","pid":14664,"level":50,"msg":"\"candidacy_id\" is not allowed","time":"2023-01-19T16:19:48.561Z","v":0}
{"name":"Job Memo API","hostname":"Catherine-PC","pid":4928,"level":30,"msg":"App listening on port http://localhost:3000","time":"2023-01-19T16:20:04.388Z","v":0}
{"name":"Job Memo API","hostname":"Catherine-PC","pid":4928,"level":50,"msg":"la valeur d'une clé dupliquée rompt la contrainte unique « card_compagny_name_key »","time":"2023-01-19T16:20:06.377Z","v":0}
{"name":"Job Memo API","hostname":"Catherine-PC","pid":4928,"level":50,"msg":"\"link\" is not allowed","time":"2023-01-19T16:20:57.112Z","v":0}
{"name":"Job Memo API","hostname":"Catherine-PC","pid":788,"level":30,"msg":"App listening on port http://localhost:3000","time":"2023-01-19T16:22:04.612Z","v":0}
{"name":"Job Memo API","hostname":"Catherine-PC","pid":788,"level":50,"msg":"\"link\" with value \"h://www.hellO.com\" fails to match the required pattern: /^https?:\\/\\/(?:www\\.)?[-a-zA-Z0-9@:%._\\+~#=]{1,256}\\.[a-zA-Z0-9()]{1,6}\\b(?:[-a-zA-Z0-9()@:%_\\+.~#?&\\/=]*)$/","time":"2023-01-19T16:22:06.769Z","v":0}
{"name":"Job Memo API","hostname":"Catherine-PC","pid":19584,"level":30,"msg":"App listening on port http://localhost:3000","time":"2023-01-19T16:25:19.314Z","v":0}
{"name":"Job Memo API","hostname":"Catherine-PC","pid":9452,"level":30,"msg":"App listening on port http://localhost:3000","time":"2023-01-19T16:25:47.366Z","v":0}
{"name":"Job Memo API","hostname":"Catherine-PC","pid":2616,"level":30,"msg":"App listening on port http://localhost:3000","time":"2023-01-19T16:26:05.918Z","v":0}
{"name":"Job Memo API","hostname":"Catherine-PC","pid":11540,"level":30,"msg":"App listening on port http://localhost:3000","time":"2023-01-19T16:27:30.669Z","v":0}
{"name":"Job Memo API","hostname":"Catherine-PC","pid":16308,"level":30,"msg":"App listening on port http://localhost:3000","time":"2023-01-19T16:28:01.804Z","v":0}
{"name":"Job Memo API","hostname":"Catherine-PC","pid":16308,"level":50,"msg":"la valeur d'une clé dupliquée rompt la contrainte unique « card_compagny_name_key »","time":"2023-01-19T16:28:06.596Z","v":0}
{"name":"Job Memo API","hostname":"Catherine-PC","pid":18808,"level":30,"msg":"App listening on port http://localhost:3000","time":"2023-01-19T16:29:29.929Z","v":0}
{"name":"Job Memo API","hostname":"Catherine-PC","pid":18808,"level":50,"msg":"la valeur d'une clé dupliquée rompt la contrainte unique « card_compagny_name_key »","time":"2023-01-19T16:29:35.371Z","v":0}
{"name":"Job Memo API","hostname":"Catherine-PC","pid":20908,"level":30,"msg":"App listening on port http://localhost:3000","time":"2023-01-19T16:30:07.192Z","v":0}
{"name":"Job Memo API","hostname":"Catherine-PC","pid":20908,"level":50,"msg":"la valeur d'une clé dupliquée rompt la contrainte unique « card_compagny_name_key »","time":"2023-01-19T16:30:24.757Z","v":0}
{"name":"Job Memo API","hostname":"Catherine-PC","pid":10112,"level":30,"msg":"App listening on port http://localhost:3000","time":"2023-01-19T16:30:49.905Z","v":0}
{"name":"Job Memo API","hostname":"Catherine-PC","pid":5904,"level":30,"msg":"App listening on port http://localhost:3000","time":"2023-01-19T16:30:54.581Z","v":0}
{"name":"Job Memo API","hostname":"Catherine-PC","pid":5904,"level":50,"msg":"\"compagny_name\" is not allowed","time":"2023-01-19T16:30:55.526Z","v":0}
{"name":"Job Memo API","hostname":"Catherine-PC","pid":10216,"level":30,"msg":"App listening on port http://localhost:3000","time":"2023-01-19T16:31:10.866Z","v":0}
{"name":"Job Memo API","hostname":"Catherine-PC","pid":21200,"level":30,"msg":"App listening on port http://localhost:3000","time":"2023-01-19T16:31:16.184Z","v":0}
{"name":"Job Memo API","hostname":"Catherine-PC","pid":21200,"level":50,"msg":"\"contact_email\" is not allowed","time":"2023-01-19T16:31:30.813Z","v":0}
{"name":"Job Memo API","hostname":"Catherine-PC","pid":9680,"level":30,"msg":"App listening on port http://localhost:3000","time":"2023-01-19T16:31:46.951Z","v":0}
{"name":"Job Memo API","hostname":"Catherine-PC","pid":9680,"level":50,"msg":"la valeur d'une clé dupliquée rompt la contrainte unique « card_compagny_name_key »","time":"2023-01-19T16:31:48.216Z","v":0}
{"name":"Job Memo API","hostname":"Catherine-PC","pid":2388,"level":30,"msg":"App listening on port http://localhost:3000","time":"2023-01-19T16:33:09.061Z","v":0}
{"name":"Job Memo API","hostname":"Catherine-PC","pid":2388,"level":50,"msg":"la valeur d'une clé dupliquée rompt la contrainte unique « card_compagny_name_key »","time":"2023-01-19T16:33:13.907Z","v":0}
{"name":"Job Memo API","hostname":"Catherine-PC","pid":2388,"level":50,"msg":"\"contact_email\" must be a valid email","time":"2023-01-19T16:33:20.840Z","v":0}
{"name":"Job Memo API","hostname":"Catherine-PC","pid":2388,"level":50,"msg":"la valeur d'une clé dupliquée rompt la contrainte unique « card_compagny_name_key »","time":"2023-01-19T16:33:27.118Z","v":0}
{"name":"Job Memo API","hostname":"Catherine-PC","pid":2388,"level":50,"msg":"\"contact_email\" must be a valid email","time":"2023-01-19T16:33:29.790Z","v":0}
{"name":"Job Memo API","hostname":"Catherine-PC","pid":8604,"level":30,"msg":"App listening on port http://localhost:3000","time":"2023-02-03T07:52:59.286Z","v":0}
{"name":"Job Memo API","hostname":"Catherine-PC","pid":23420,"level":30,"msg":"App listening on port http://localhost:3000","time":"2023-02-03T13:58:52.591Z","v":0}
{"name":"Job Memo API","hostname":"Catherine-PC","pid":12964,"level":30,"msg":"App listening on port http://localhost:3000","time":"2023-02-03T14:19:11.176Z","v":0}
{"name":"Job Memo API","hostname":"Catherine-PC","pid":12964,"level":50,"msg":"Ressource not found","time":"2023-02-03T14:19:33.134Z","v":0}
{"name":"Job Memo API","hostname":"Catherine-PC","pid":12964,"level":50,"msg":"Ressource not found","time":"2023-02-03T14:19:33.339Z","v":0}
{"name":"Job Memo API","hostname":"Catherine-PC","pid":12964,"level":50,"msg":"Ressource not found","time":"2023-02-03T14:19:36.420Z","v":0}
{"name":"Job Memo API","hostname":"Catherine-PC","pid":12964,"level":50,"msg":"Ressource not found","time":"2023-02-03T14:19:38.014Z","v":0}
{"name":"Job Memo API","hostname":"Catherine-PC","pid":12964,"level":50,"msg":"Ressource not found","time":"2023-02-03T14:19:40.508Z","v":0}
{"name":"Job Memo API","hostname":"Catherine-PC","pid":3664,"level":30,"msg":"App listening on port http://localhost:3000","time":"2023-02-03T14:20:29.286Z","v":0}
{"name":"Job Memo API","hostname":"Catherine-PC","pid":3664,"level":50,"msg":"Ressource not found","time":"2023-02-03T14:20:36.306Z","v":0}
{"name":"Job Memo API","hostname":"Catherine-PC","pid":18892,"level":30,"msg":"App listening on port http://localhost:3000","time":"2023-02-03T14:21:00.202Z","v":0}
{"name":"Job Memo API","hostname":"Catherine-PC","pid":11232,"level":30,"msg":"App listening on port http://localhost:3000","time":"2023-02-03T14:21:15.572Z","v":0}
{"name":"Job Memo API","hostname":"Catherine-PC","pid":11232,"level":50,"msg":"Ressource not found","time":"2023-02-03T14:21:15.662Z","v":0}
{"name":"Job Memo API","hostname":"Catherine-PC","pid":19676,"level":30,"msg":"App listening on port http://localhost:3000","time":"2023-02-03T14:21:28.410Z","v":0}
{"name":"Job Memo API","hostname":"Catherine-PC","pid":3044,"level":30,"msg":"App listening on port http://localhost:3000","time":"2023-02-03T14:26:13.849Z","v":0}
{"name":"Job Memo API","hostname":"Catherine-PC","pid":8268,"level":30,"msg":"App listening on port http://localhost:3000","time":"2023-02-03T14:28:46.672Z","v":0}
{"name":"Job Memo API","hostname":"Catherine-PC","pid":9964,"level":30,"msg":"App listening on port http://localhost:3000","time":"2023-02-03T14:30:00.453Z","v":0}
{"name":"Job Memo API","hostname":"Catherine-PC","pid":9964,"level":50,"msg":"Ressource not found","time":"2023-02-03T17:04:17.832Z","v":0}
{"name":"Job Memo API","hostname":"Catherine-PC","pid":10796,"level":30,"msg":"App listening on port http://localhost:3000","time":"2023-02-03T17:55:50.812Z","v":0}
{"name":"Job Memo API","hostname":"Catherine-PC","pid":24544,"level":30,"msg":"App listening on port http://localhost:3000","time":"2023-02-04T10:00:31.847Z","v":0}
{"name":"Job Memo API","hostname":"Catherine-PC","pid":11068,"level":30,"msg":"App listening on port http://localhost:3000","time":"2023-02-04T10:01:47.649Z","v":0}
{"name":"Job Memo API","hostname":"Catherine-PC","pid":23032,"level":30,"msg":"App listening on port http://localhost:3000","time":"2023-02-04T10:04:51.250Z","v":0}
{"name":"Job Memo API","hostname":"Catherine-PC","pid":24332,"level":30,"msg":"App listening on port http://localhost:3000","time":"2023-02-04T10:05:02.694Z","v":0}
{"name":"Job Memo API","hostname":"Catherine-PC","pid":11088,"level":30,"msg":"App listening on port http://localhost:3000","time":"2023-02-04T10:06:10.496Z","v":0}
{"name":"Job Memo API","hostname":"Catherine-PC","pid":24236,"level":30,"msg":"App listening on port http://localhost:3000","time":"2023-02-04T10:06:28.536Z","v":0}
{"name":"Job Memo API","hostname":"Catherine-PC","pid":23608,"level":30,"msg":"App listening on port http://localhost:3000","time":"2023-02-04T10:06:32.703Z","v":0}
{"name":"Job Memo API","hostname":"Catherine-PC","pid":4260,"level":30,"msg":"App listening on port http://localhost:3000","time":"2023-02-04T10:06:40.082Z","v":0}
{"name":"Job Memo API","hostname":"Catherine-PC","pid":12572,"level":30,"msg":"App listening on port http://localhost:3000","time":"2023-02-04T10:07:24.920Z","v":0}
{"name":"Job Memo API","hostname":"Catherine-PC","pid":12500,"level":30,"msg":"App listening on port http://localhost:3000","time":"2023-02-04T10:08:18.367Z","v":0}
{"name":"Job Memo API","hostname":"Catherine-PC","pid":12652,"level":30,"msg":"App listening on port http://localhost:3000","time":"2023-02-04T10:08:47.116Z","v":0}
{"name":"Job Memo API","hostname":"Catherine-PC","pid":2748,"level":30,"msg":"App listening on port http://localhost:3000","time":"2023-02-04T10:11:47.540Z","v":0}
{"name":"Job Memo API","hostname":"Catherine-PC","pid":17232,"level":30,"msg":"App listening on port http://localhost:3000","time":"2023-02-04T10:16:04.784Z","v":0}
{"name":"Job Memo API","hostname":"Catherine-PC","pid":10652,"level":30,"msg":"App listening on port http://localhost:3000","time":"2023-02-04T10:23:07.297Z","v":0}
{"name":"Job Memo API","hostname":"Catherine-PC","pid":2168,"level":30,"msg":"App listening on port http://localhost:3000","time":"2023-02-04T10:24:05.735Z","v":0}
{"name":"Job Memo API","hostname":"Catherine-PC","pid":17632,"level":30,"msg":"App listening on port http://localhost:3000","time":"2023-02-04T10:24:12.683Z","v":0}
{"name":"Job Memo API","hostname":"Catherine-PC","pid":21840,"level":30,"msg":"App listening on port http://localhost:3000","time":"2023-02-04T10:25:11.719Z","v":0}
{"name":"Job Memo API","hostname":"Catherine-PC","pid":10048,"level":30,"msg":"App listening on port http://localhost:3000","time":"2023-02-04T10:26:07.462Z","v":0}
{"name":"Job Memo API","hostname":"Catherine-PC","pid":10048,"level":50,"msg":"Ressource not found","time":"2023-02-04T10:26:39.260Z","v":0}
{"name":"Job Memo API","hostname":"Catherine-PC","pid":10048,"level":50,"msg":"\"contact_email\" must be a valid email","time":"2023-02-04T10:26:46.301Z","v":0}
{"name":"Job Memo API","hostname":"Catherine-PC","pid":10048,"level":50,"msg":"Ressource not found","time":"2023-02-04T10:32:35.725Z","v":0}
{"name":"Job Memo API","hostname":"Catherine-PC","pid":20448,"level":30,"msg":"App listening on port http://localhost:3000","time":"2023-02-04T10:34:13.270Z","v":0}
{"name":"Job Memo API","hostname":"Catherine-PC","pid":20448,"level":50,"msg":"la valeur d'une clé dupliquée rompt la contrainte unique « card_compagny_name_key »","time":"2023-02-04T10:34:13.642Z","v":0}
{"name":"Job Memo API","hostname":"Catherine-PC","pid":20448,"level":50,"msg":"Ressource not found","time":"2023-02-04T10:34:18.626Z","v":0}
{"name":"Job Memo API","hostname":"Catherine-PC","pid":20448,"level":50,"msg":"Ressource not found","time":"2023-02-04T10:34:22.732Z","v":0}
{"name":"Job Memo API","hostname":"Catherine-PC","pid":14020,"level":30,"msg":"App listening on port http://localhost:3000","time":"2023-02-04T10:34:50.567Z","v":0}
{"name":"Job Memo API","hostname":"Catherine-PC","pid":5032,"level":30,"msg":"App listening on port http://localhost:3000","time":"2023-02-04T10:34:56.259Z","v":0}
{"name":"Job Memo API","hostname":"Catherine-PC","pid":5032,"level":50,"msg":"Ressource not found","time":"2023-02-04T10:34:56.445Z","v":0}
{"name":"Job Memo API","hostname":"Catherine-PC","pid":152,"level":30,"msg":"App listening on port http://localhost:3000","time":"2023-02-04T10:35:25.301Z","v":0}
{"name":"Job Memo API","hostname":"Catherine-PC","pid":152,"level":50,"msg":"Ressource not found","time":"2023-02-04T10:35:25.945Z","v":0}
{"name":"Job Memo API","hostname":"Catherine-PC","pid":152,"level":50,"msg":"Ressource not found","time":"2023-02-04T10:35:27.286Z","v":0}
{"name":"Job Memo API","hostname":"Catherine-PC","pid":4208,"level":30,"msg":"App listening on port http://localhost:3000","time":"2023-02-04T10:35:39.952Z","v":0}
{"name":"Job Memo API","hostname":"Catherine-PC","pid":23172,"level":30,"msg":"App listening on port http://localhost:3000","time":"2023-02-04T10:35:50.594Z","v":0}
{"name":"Job Memo API","hostname":"Catherine-PC","pid":23172,"level":50,"msg":"Ressource not found","time":"2023-02-04T10:35:52.033Z","v":0}
{"name":"Job Memo API","hostname":"Catherine-PC","pid":5808,"level":30,"msg":"App listening on port http://localhost:3000","time":"2023-02-04T10:36:09.797Z","v":0}
{"name":"Job Memo API","hostname":"Catherine-PC","pid":2888,"level":30,"msg":"App listening on port http://localhost:3000","time":"2023-02-04T10:37:01.983Z","v":0}
{"name":"Job Memo API","hostname":"Catherine-PC","pid":11076,"level":30,"msg":"App listening on port http://localhost:3000","time":"2023-02-04T10:37:09.871Z","v":0}
{"name":"Job Memo API","hostname":"Catherine-PC","pid":5136,"level":30,"msg":"App listening on port http://localhost:3000","time":"2023-02-04T10:37:32.397Z","v":0}
